SF:lib/app.dart
DA:6,2
DA:8,1
DA:10,1
DA:15,1
DA:16,1
DA:24,1
DA:26,1
DA:27,1
DA:28,1
DA:29,1
LF:10
LH:10
end_of_record
SF:lib/screen/home/index.dart
DA:6,2
DA:8,1
DA:9,1
DA:17,2
DA:18,4
DA:20,1
DA:21,1
DA:37,1
DA:39,1
DA:40,1
DA:41,1
DA:43,2
DA:44,1
DA:45,3
DA:46,1
LF:15
LH:15
end_of_record
SF:lib/theme/theme.dart
DA:3,3
DA:9,1
DA:10,1
DA:11,1
DA:12,2
LF:5
LH:5
end_of_record
SF:lib/screen/home/subscreen/counter/index.dart
DA:6,2
DA:8,1
DA:10,1
DA:11,2
DA:12,1
DA:18,2
DA:20,1
DA:22,1
DA:23,1
DA:24,1
DA:25,1
DA:26,1
DA:27,1
DA:28,1
DA:29,1
DA:33,1
DA:35,1
DA:36,1
DA:37,3
DA:38,1
DA:39,1
DA:41,1
DA:42,3
DA:43,1
DA:46,1
LF:25
LH:25
end_of_record
SF:lib/screen/home/subscreen/home/index.dart
DA:4,2
DA:6,1
DA:8,1
DA:9,1
DA:10,1
DA:11,1
DA:12,1
LF:7
LH:7
end_of_record
SF:lib/screen/home/subscreen/counter/cubit/counter_cubit.dart
DA:8,2
DA:11,4
DA:14,4
LF:3
LH:3
end_of_record
